0 verbose cli /usr/local/bin/node /usr/local/bin/npm
1 info using npm@10.5.0
2 info using node@v20.12.2
3 timing npm:load:whichnode Completed in 0ms
4 timing config:load:defaults Completed in 0ms
5 timing config:load:file:/usr/local/lib/node_modules/npm/npmrc Completed in 0ms
6 timing config:load:builtin Completed in 0ms
7 timing config:load:cli Completed in 1ms
8 timing config:load:env Completed in 0ms
9 timing config:load:file:/Users/yixuantang/Desktop/CAB432/Assignments/Assignment1/video-api/.npmrc Completed in 1ms
10 timing config:load:project Completed in 1ms
11 timing config:load:file:/Users/yixuantang/.npmrc Completed in 0ms
12 timing config:load:user Completed in 0ms
13 timing config:load:file:/usr/local/etc/npmrc Completed in 0ms
14 timing config:load:global Completed in 0ms
15 timing config:load:setEnvs Completed in 1ms
16 timing config:load Completed in 6ms
17 timing npm:load:configload Completed in 7ms
18 timing config:load:flatten Completed in 1ms
19 timing npm:load:mkdirpcache Completed in 0ms
20 timing npm:load:mkdirplogs Completed in 0ms
21 verbose title npm i express cors multer better-sqlite3 uuid fluent-ffmpeg @ffmpeg-installer/ffmpeg jsonwebtoken bcryptjs @aws-sdk/client-cognito-identity-provider aws-jwt-verify
22 verbose argv "i" "express" "cors" "multer" "better-sqlite3" "uuid" "fluent-ffmpeg" "@ffmpeg-installer/ffmpeg" "jsonwebtoken" "bcryptjs" "@aws-sdk/client-cognito-identity-provider" "aws-jwt-verify"
23 timing npm:load:setTitle Completed in 8ms
24 timing npm:load:display Completed in 1ms
25 verbose logfile logs-max:10 dir:/Users/yixuantang/Desktop/CAB432/Assignments/Assignment1/video-api/.npm-cache/_logs/2025-09-16T08_43_11_250Z-
26 verbose logfile /Users/yixuantang/Desktop/CAB432/Assignments/Assignment1/video-api/.npm-cache/_logs/2025-09-16T08_43_11_250Z-debug-0.log
27 timing npm:load:logFile Completed in 6ms
28 timing npm:load:timers Completed in 0ms
29 timing npm:load:configScope Completed in 0ms
30 timing npm:load Completed in 34ms
31 timing arborist:ctor Completed in 0ms
32 silly logfile done cleaning log files
33 timing idealTree:init Completed in 66ms
34 timing idealTree:userRequests Completed in 1ms
35 silly idealTree buildDeps
36 silly fetch manifest @aws-sdk/client-cognito-identity-provider@^3.888.0
37 timing arborist:ctor Completed in 0ms
38 http fetch GET 200 https://registry.npmjs.org/@aws-sdk%2fclient-cognito-identity-provider 511ms (cache revalidated)
39 silly fetch manifest @ffmpeg-installer/ffmpeg@^1.1.0
40 http fetch GET 200 https://registry.npmjs.org/@ffmpeg-installer%2fffmpeg 1533ms (cache miss)
41 silly fetch manifest aws-jwt-verify@^5.1.0
42 http fetch GET 200 https://registry.npmjs.org/aws-jwt-verify 642ms (cache revalidated)
43 silly fetch manifest better-sqlite3@^11.10.0
44 http fetch GET 200 https://registry.npmjs.org/better-sqlite3 122ms (cache miss)
45 silly fetch manifest cors@^2.8.5
46 http fetch GET 200 https://registry.npmjs.org/cors 49ms (cache miss)
47 silly fetch manifest express@^4.21.2
48 http fetch GET 200 https://registry.npmjs.org/express 38ms (cache miss)
49 silly fetch manifest fluent-ffmpeg@^2.1.3
50 http fetch GET 200 https://registry.npmjs.org/fluent-ffmpeg 44ms (cache miss)
51 silly fetch manifest jsonwebtoken@^9.0.2
52 http fetch GET 200 https://registry.npmjs.org/jsonwebtoken 43ms (cache miss)
53 silly fetch manifest multer@^1.4.5-lts.1
54 http fetch GET 200 https://registry.npmjs.org/multer 62ms (cache miss)
55 silly fetch manifest uuid@^9.0.1
56 http fetch GET 200 https://registry.npmjs.org/uuid 30ms (cache miss)
57 silly fetch manifest bcryptjs@*
58 http fetch GET 200 https://registry.npmjs.org/bcryptjs 43ms (cache miss)
59 silly placeDep ROOT @aws-sdk/client-cognito-identity-provider@3.888.0 REPLACE for: video-api@1.0.0 want: ^3.888.0
60 silly placeDep ROOT @ffmpeg-installer/ffmpeg@1.1.0 REPLACE for: video-api@1.0.0 want: ^1.1.0
61 silly placeDep ROOT aws-jwt-verify@5.1.0 REPLACE for: video-api@1.0.0 want: ^5.1.0
62 silly placeDep ROOT bcryptjs@3.0.2 OK for: video-api@1.0.0 want: *
63 silly placeDep ROOT better-sqlite3@11.10.0 REPLACE for: video-api@1.0.0 want: ^11.10.0
64 silly placeDep ROOT cors@2.8.5 REPLACE for: video-api@1.0.0 want: ^2.8.5
65 silly placeDep ROOT express@4.21.2 REPLACE for: video-api@1.0.0 want: ^4.21.2
66 silly placeDep ROOT fluent-ffmpeg@2.1.3 REPLACE for: video-api@1.0.0 want: ^2.1.3
67 silly placeDep ROOT jsonwebtoken@9.0.2 REPLACE for: video-api@1.0.0 want: ^9.0.2
68 silly placeDep ROOT multer@1.4.5-lts.2 REPLACE for: video-api@1.0.0 want: ^1.4.5-lts.1
69 silly placeDep ROOT uuid@9.0.1 REPLACE for: video-api@1.0.0 want: ^9.0.1
70 timing idealTree:#root Completed in 3181ms
71 timing idealTree:node_modules/@aws-sdk/client-cognito-identity-provider Completed in 0ms
72 timing idealTree:node_modules/@ffmpeg-installer/ffmpeg Completed in 0ms
73 timing idealTree:node_modules/aws-jwt-verify Completed in 0ms
74 timing idealTree:node_modules/bcryptjs Completed in 0ms
75 timing idealTree:node_modules/better-sqlite3 Completed in 0ms
76 timing idealTree:node_modules/cors Completed in 1ms
77 timing idealTree:node_modules/express Completed in 0ms
78 timing idealTree:node_modules/fluent-ffmpeg Completed in 0ms
79 timing idealTree:node_modules/jsonwebtoken Completed in 0ms
80 timing idealTree:node_modules/multer Completed in 0ms
81 timing idealTree:node_modules/uuid Completed in 0ms
82 timing idealTree:buildDeps Completed in 3182ms
83 timing idealTree:fixDepFlags Completed in 2ms
84 timing idealTree Completed in 3255ms
85 timing reify:loadTrees Completed in 3257ms
86 timing reify:diffTrees Completed in 3ms
87 silly reify moves {}
88 timing reify:retireShallow Completed in 0ms
89 timing reify:createSparse Completed in 2ms
90 timing reify:loadBundles Completed in 0ms
91 silly audit bulk request {
91 silly audit   '@aws-crypto/sha256-browser': [ '5.2.0' ],
91 silly audit   '@smithy/is-array-buffer': [ '2.2.0', '4.1.0' ],
91 silly audit   '@smithy/util-buffer-from': [ '2.2.0', '4.1.0' ],
91 silly audit   '@smithy/util-utf8': [ '2.3.0', '4.1.0' ],
91 silly audit   '@aws-crypto/sha256-js': [ '5.2.0' ],
91 silly audit   '@aws-crypto/supports-web-crypto': [ '5.2.0' ],
91 silly audit   '@aws-crypto/util': [ '5.2.0' ],
91 silly audit   '@aws-sdk/client-sso': [ '3.888.0' ],
91 silly audit   '@aws-sdk/core': [ '3.888.0' ],
91 silly audit   '@aws-sdk/credential-provider-env': [ '3.888.0' ],
91 silly audit   '@aws-sdk/credential-provider-http': [ '3.888.0' ],
91 silly audit   '@aws-sdk/credential-provider-ini': [ '3.888.0' ],
91 silly audit   '@aws-sdk/credential-provider-node': [ '3.888.0' ],
91 silly audit   '@aws-sdk/credential-provider-process': [ '3.888.0' ],
91 silly audit   '@aws-sdk/credential-provider-sso': [ '3.888.0' ],
91 silly audit   '@aws-sdk/credential-provider-web-identity': [ '3.888.0' ],
91 silly audit   '@aws-sdk/middleware-host-header': [ '3.887.0' ],
91 silly audit   '@aws-sdk/middleware-logger': [ '3.887.0' ],
91 silly audit   '@aws-sdk/middleware-recursion-detection': [ '3.887.0' ],
91 silly audit   '@aws-sdk/middleware-user-agent': [ '3.888.0' ],
91 silly audit   '@aws-sdk/nested-clients': [ '3.888.0' ],
91 silly audit   '@aws-sdk/region-config-resolver': [ '3.887.0' ],
91 silly audit   '@aws-sdk/token-providers': [ '3.888.0' ],
91 silly audit   '@aws-sdk/types': [ '3.887.0' ],
91 silly audit   '@aws-sdk/util-endpoints': [ '3.887.0' ],
91 silly audit   '@aws-sdk/util-locate-window': [ '3.873.0' ],
91 silly audit   '@aws-sdk/util-user-agent-browser': [ '3.887.0' ],
91 silly audit   '@aws-sdk/util-user-agent-node': [ '3.888.0' ],
91 silly audit   '@aws-sdk/xml-builder': [ '3.887.0' ],
91 silly audit   '@aws/lambda-invoke-store': [ '0.0.1' ],
91 silly audit   '@ffmpeg-installer/darwin-arm64': [ '4.1.5' ],
91 silly audit   '@ffmpeg-installer/darwin-x64': [ '4.1.0' ],
91 silly audit   '@ffmpeg-installer/linux-arm': [ '4.1.3' ],
91 silly audit   '@ffmpeg-installer/linux-arm64': [ '4.1.4' ],
91 silly audit   '@ffmpeg-installer/linux-ia32': [ '4.1.0' ],
91 silly audit   '@ffmpeg-installer/linux-x64': [ '4.1.0' ],
91 silly audit   '@ffmpeg-installer/win32-ia32': [ '4.1.0' ],
91 silly audit   '@ffmpeg-installer/win32-x64': [ '4.1.0' ],
91 silly audit   '@ffprobe-installer/darwin-arm64': [ '5.0.1' ],
91 silly audit   '@ffprobe-installer/darwin-x64': [ '5.1.0' ],
91 silly audit   '@ffprobe-installer/ffprobe': [ '2.1.2' ],
91 silly audit   '@ffprobe-installer/linux-arm': [ '5.2.0' ],
91 silly audit   '@ffprobe-installer/linux-arm64': [ '5.2.0' ],
91 silly audit   '@ffprobe-installer/linux-ia32': [ '5.2.0' ],
91 silly audit   '@ffprobe-installer/linux-x64': [ '5.2.0' ],
91 silly audit   '@ffprobe-installer/win32-ia32': [ '5.1.0' ],
91 silly audit   '@ffprobe-installer/win32-x64': [ '5.1.0' ],
91 silly audit   '@smithy/abort-controller': [ '4.1.1' ],
91 silly audit   '@smithy/config-resolver': [ '4.2.2' ],
91 silly audit   '@smithy/core': [ '3.11.0' ],
91 silly audit   '@smithy/credential-provider-imds': [ '4.1.2' ],
91 silly audit   '@smithy/fetch-http-handler': [ '5.2.1' ],
91 silly audit   '@smithy/hash-node': [ '4.1.1' ],
91 silly audit   '@smithy/invalid-dependency': [ '4.1.1' ],
91 silly audit   '@smithy/middleware-content-length': [ '4.1.1' ],
91 silly audit   '@smithy/middleware-endpoint': [ '4.2.2' ],
91 silly audit   '@smithy/middleware-retry': [ '4.2.2' ],
91 silly audit   '@smithy/middleware-serde': [ '4.1.1' ],
91 silly audit   '@smithy/middleware-stack': [ '4.1.1' ],
91 silly audit   '@smithy/node-config-provider': [ '4.2.2' ],
91 silly audit   '@smithy/node-http-handler': [ '4.2.1' ],
91 silly audit   '@smithy/property-provider': [ '4.1.1' ],
91 silly audit   '@smithy/protocol-http': [ '5.2.1' ],
91 silly audit   '@smithy/querystring-builder': [ '4.1.1' ],
91 silly audit   '@smithy/querystring-parser': [ '4.1.1' ],
91 silly audit   '@smithy/service-error-classification': [ '4.1.1' ],
91 silly audit   '@smithy/shared-ini-file-loader': [ '4.2.0' ],
91 silly audit   '@smithy/signature-v4': [ '5.2.1' ],
91 silly audit   '@smithy/smithy-client': [ '4.6.2' ],
91 silly audit   '@smithy/types': [ '4.5.0' ],
91 silly audit   '@smithy/url-parser': [ '4.1.1' ],
91 silly audit   '@smithy/util-base64': [ '4.1.0' ],
91 silly audit   '@smithy/util-body-length-browser': [ '4.1.0' ],
91 silly audit   '@smithy/util-body-length-node': [ '4.1.0' ],
91 silly audit   '@smithy/util-config-provider': [ '4.1.0' ],
91 silly audit   '@smithy/util-defaults-mode-browser': [ '4.1.2' ],
91 silly audit   '@smithy/util-defaults-mode-node': [ '4.1.2' ],
91 silly audit   '@smithy/util-endpoints': [ '3.1.2' ],
91 silly audit   '@smithy/util-hex-encoding': [ '4.1.0' ],
91 silly audit   '@smithy/util-middleware': [ '4.1.1' ],
91 silly audit   '@smithy/util-retry': [ '4.1.1' ],
91 silly audit   '@smithy/util-stream': [ '4.3.1' ],
91 silly audit   '@smithy/util-uri-escape': [ '4.1.0' ],
91 silly audit   '@types/uuid': [ '9.0.8' ],
91 silly audit   accepts: [ '1.3.8' ],
91 silly audit   'append-field': [ '1.0.0' ],
91 silly audit   'array-flatten': [ '1.1.1' ],
91 silly audit   async: [ '0.2.10' ],
91 silly audit   'aws-ssl-profiles': [ '1.1.2' ],
91 silly audit   'base64-js': [ '1.5.1' ],
91 silly audit   bindings: [ '1.5.0' ],
91 silly audit   bl: [ '4.1.0' ],
91 silly audit   'readable-stream': [ '3.6.2', '2.3.8' ],
91 silly audit   'body-parser': [ '1.20.3' ],
91 silly audit   bowser: [ '2.12.1' ],
91 silly audit   buffer: [ '5.7.1' ],
91 silly audit   'buffer-equal-constant-time': [ '1.0.1' ],
91 silly audit   'buffer-from': [ '1.1.2' ],
91 silly audit   busboy: [ '1.6.0' ],
91 silly audit   bytes: [ '3.1.2' ],
91 silly audit   'call-bind-apply-helpers': [ '1.0.2' ],
91 silly audit   'call-bound': [ '1.0.4' ],
91 silly audit   chownr: [ '1.1.4' ],
91 silly audit   'concat-stream': [ '1.6.2' ],
91 silly audit   'content-disposition': [ '0.5.4' ],
91 silly audit   'content-type': [ '1.0.5' ],
91 silly audit   cookie: [ '0.7.1' ],
91 silly audit   'cookie-signature': [ '1.0.6' ],
91 silly audit   'core-util-is': [ '1.0.3' ],
91 silly audit   debug: [ '2.6.9' ],
91 silly audit   'decompress-response': [ '6.0.0' ],
91 silly audit   'deep-extend': [ '0.6.0' ],
91 silly audit   denque: [ '2.1.0' ],
91 silly audit   depd: [ '2.0.0' ],
91 silly audit   destroy: [ '1.2.0' ],
91 silly audit   'detect-libc': [ '2.0.4' ],
91 silly audit   'dunder-proto': [ '1.0.1' ],
91 silly audit   'ecdsa-sig-formatter': [ '1.0.11' ],
91 silly audit   'ee-first': [ '1.1.1' ],
91 silly audit   encodeurl: [ '2.0.0', '1.0.2' ],
91 silly audit   'end-of-stream': [ '1.4.5' ],
91 silly audit   'es-define-property': [ '1.0.1' ],
91 silly audit   'es-errors': [ '1.3.0' ],
91 silly audit   'es-object-atoms': [ '1.1.1' ],
91 silly audit   'escape-html': [ '1.0.3' ],
91 silly audit   etag: [ '1.8.1' ],
91 silly audit   'expand-template': [ '2.0.3' ],
91 silly audit   'fast-xml-parser': [ '5.2.5' ],
91 silly audit   'file-uri-to-path': [ '1.0.0' ],
91 silly audit   finalhandler: [ '1.3.1' ],
91 silly audit   forwarded: [ '0.2.0' ],
91 silly audit   fresh: [ '0.5.2' ],
91 silly audit   'fs-constants': [ '1.0.0' ],
91 silly audit   'function-bind': [ '1.1.2' ],
91 silly audit   'generate-function': [ '2.3.1' ],
91 silly audit   'get-intrinsic': [ '1.3.0' ],
91 silly audit   'get-proto': [ '1.0.1' ],
91 silly audit   'github-from-package': [ '0.0.0' ],
91 silly audit   gopd: [ '1.2.0' ],
91 silly audit   'has-symbols': [ '1.1.0' ],
91 silly audit   hasown: [ '2.0.2' ],
91 silly audit   'http-errors': [ '2.0.0' ],
91 silly audit   'iconv-lite': [ '0.4.24', '0.6.3' ],
91 silly audit   ieee754: [ '1.2.1' ],
91 silly audit   inherits: [ '2.0.4' ],
91 silly audit   ini: [ '1.3.8' ],
91 silly audit   'ipaddr.js': [ '1.9.1' ],
91 silly audit   'is-property': [ '1.0.2' ],
91 silly audit   isarray: [ '1.0.0' ],
91 silly audit   isexe: [ '2.0.0' ],
91 silly audit   ms: [ '2.0.0', '2.1.3' ],
91 silly audit   jwa: [ '1.4.2' ],
91 silly audit   jws: [ '3.2.2' ],
91 silly audit   'lodash.includes': [ '4.3.0' ],
91 silly audit   'lodash.isboolean': [ '3.0.3' ],
91 silly audit   'lodash.isinteger': [ '4.0.4' ],
91 silly audit   'lodash.isnumber': [ '3.0.3' ],
91 silly audit   'lodash.isplainobject': [ '4.0.6' ],
91 silly audit   'lodash.isstring': [ '4.0.1' ],
91 silly audit   'lodash.once': [ '4.1.1' ],
91 silly audit   long: [ '5.3.2' ],
91 silly audit   'lru-cache': [ '7.18.3' ],
91 silly audit   'lru.min': [ '1.1.2' ],
91 silly audit   'math-intrinsics': [ '1.1.0' ],
91 silly audit   'media-typer': [ '0.3.0' ],
91 silly audit   'merge-descriptors': [ '1.0.3' ],
91 silly audit   methods: [ '1.1.2' ],
91 silly audit   mime: [ '1.6.0' ],
91 silly audit   'mime-db': [ '1.52.0' ],
91 silly audit   'mime-types': [ '2.1.35' ],
91 silly audit   'mimic-response': [ '3.1.0' ],
91 silly audit   minimist: [ '1.2.8' ],
91 silly audit   mkdirp: [ '0.5.6' ],
91 silly audit   'mkdirp-classic': [ '0.5.3' ],
91 silly audit   mysql2: [ '3.14.3' ],
91 silly audit   'named-placeholders': [ '1.1.3' ],
91 silly audit   'napi-build-utils': [ '2.0.0' ],
91 silly audit   negotiator: [ '0.6.3' ],
91 silly audit   'node-abi': [ '3.75.0' ],
91 silly audit   'object-assign': [ '4.1.1' ],
91 silly audit   'object-inspect': [ '1.13.4' ],
91 silly audit   'on-finished': [ '2.4.1' ],
91 silly audit   once: [ '1.4.0' ],
91 silly audit   parseurl: [ '1.3.3' ],
91 silly audit   'path-to-regexp': [ '0.1.12' ],
91 silly audit   'prebuild-install': [ '7.1.3' ],
91 silly audit   'process-nextick-args': [ '2.0.1' ],
91 silly audit   'proxy-addr': [ '2.0.7' ],
91 silly audit   pump: [ '3.0.3' ],
91 silly audit   qs: [ '6.13.0' ],
91 silly audit   'range-parser': [ '1.2.1' ],
91 silly audit   'raw-body': [ '2.5.2' ],
91 silly audit   rc: [ '1.2.8' ],
91 silly audit   'safe-buffer': [ '5.1.2', '5.2.1' ],
91 silly audit   'safer-buffer': [ '2.1.2' ],
91 silly audit   semver: [ '7.7.2' ],
91 silly audit   send: [ '0.19.0' ],
91 silly audit   'seq-queue': [ '0.0.5' ],
91 silly audit   'serve-static': [ '1.16.2' ],
91 silly audit   setprototypeof: [ '1.2.0' ],
91 silly audit   'side-channel': [ '1.1.0' ],
91 silly audit   'side-channel-list': [ '1.0.0' ],
91 silly audit   'side-channel-map': [ '1.0.1' ],
91 silly audit   'side-channel-weakmap': [ '1.0.2' ],
91 silly audit   'simple-concat': [ '1.0.1' ],
91 silly audit   'simple-get': [ '4.0.1' ],
91 silly audit   sqlstring: [ '2.3.3' ],
91 silly audit   statuses: [ '2.0.1' ],
91 silly audit   streamsearch: [ '1.1.0' ],
91 silly audit   string_decoder: [ '1.1.1' ],
91 silly audit   'strip-json-comments': [ '2.0.1' ],
91 silly audit   strnum: [ '2.1.1' ],
91 silly audit   'tar-fs': [ '2.1.3' ],
91 silly audit   'tar-stream': [ '2.2.0' ],
91 silly audit   toidentifier: [ '1.0.1' ],
91 silly audit   tslib: [ '2.8.1' ],
91 silly audit   'tunnel-agent': [ '0.6.0' ],
91 silly audit   'type-is': [ '1.6.18' ],
91 silly audit   typedarray: [ '0.0.6' ],
91 silly audit   unpipe: [ '1.0.0' ],
91 silly audit   'util-deprecate': [ '1.0.2' ],
91 silly audit   'utils-merge': [ '1.0.1' ],
91 silly audit   vary: [ '1.1.2' ],
91 silly audit   which: [ '1.3.1' ],
91 silly audit   wrappy: [ '1.0.2' ],
91 silly audit   xtend: [ '4.0.2' ],
91 silly audit   '@aws-sdk/client-cognito-identity-provider': [ '3.888.0' ],
91 silly audit   '@ffmpeg-installer/ffmpeg': [ '1.1.0' ],
91 silly audit   'aws-jwt-verify': [ '5.1.0' ],
91 silly audit   bcryptjs: [ '3.0.2' ],
91 silly audit   'better-sqlite3': [ '11.10.0' ],
91 silly audit   cors: [ '2.8.5' ],
91 silly audit   express: [ '4.21.2' ],
91 silly audit   'fluent-ffmpeg': [ '2.1.3' ],
91 silly audit   jsonwebtoken: [ '9.0.2' ],
91 silly audit   multer: [ '1.4.5-lts.2' ],
91 silly audit   uuid: [ '9.0.1' ]
91 silly audit }
92 verbose reify failed optional dependency /Users/yixuantang/Desktop/CAB432/Assignments/Assignment1/video-api/node_modules/@ffprobe-installer/win32-x64
93 silly reify mark deleted [
93 silly reify   '/Users/yixuantang/Desktop/CAB432/Assignments/Assignment1/video-api/node_modules/@ffprobe-installer/win32-x64'
93 silly reify ]
94 verbose reify failed optional dependency /Users/yixuantang/Desktop/CAB432/Assignments/Assignment1/video-api/node_modules/@ffprobe-installer/win32-ia32
95 silly reify mark deleted [
95 silly reify   '/Users/yixuantang/Desktop/CAB432/Assignments/Assignment1/video-api/node_modules/@ffprobe-installer/win32-ia32'
95 silly reify ]
96 verbose reify failed optional dependency /Users/yixuantang/Desktop/CAB432/Assignments/Assignment1/video-api/node_modules/@ffprobe-installer/linux-x64
97 silly reify mark deleted [
97 silly reify   '/Users/yixuantang/Desktop/CAB432/Assignments/Assignment1/video-api/node_modules/@ffprobe-installer/linux-x64'
97 silly reify ]
98 verbose reify failed optional dependency /Users/yixuantang/Desktop/CAB432/Assignments/Assignment1/video-api/node_modules/@ffprobe-installer/linux-ia32
99 silly reify mark deleted [
99 silly reify   '/Users/yixuantang/Desktop/CAB432/Assignments/Assignment1/video-api/node_modules/@ffprobe-installer/linux-ia32'
99 silly reify ]
100 verbose reify failed optional dependency /Users/yixuantang/Desktop/CAB432/Assignments/Assignment1/video-api/node_modules/@ffprobe-installer/linux-arm64
101 silly reify mark deleted [
101 silly reify   '/Users/yixuantang/Desktop/CAB432/Assignments/Assignment1/video-api/node_modules/@ffprobe-installer/linux-arm64'
101 silly reify ]
102 verbose reify failed optional dependency /Users/yixuantang/Desktop/CAB432/Assignments/Assignment1/video-api/node_modules/@ffprobe-installer/linux-arm
103 silly reify mark deleted [
103 silly reify   '/Users/yixuantang/Desktop/CAB432/Assignments/Assignment1/video-api/node_modules/@ffprobe-installer/linux-arm'
103 silly reify ]
104 verbose reify failed optional dependency /Users/yixuantang/Desktop/CAB432/Assignments/Assignment1/video-api/node_modules/@ffprobe-installer/darwin-x64
105 silly reify mark deleted [
105 silly reify   '/Users/yixuantang/Desktop/CAB432/Assignments/Assignment1/video-api/node_modules/@ffprobe-installer/darwin-x64'
105 silly reify ]
106 verbose reify failed optional dependency /Users/yixuantang/Desktop/CAB432/Assignments/Assignment1/video-api/node_modules/@ffmpeg-installer/win32-x64
107 silly reify mark deleted [
107 silly reify   '/Users/yixuantang/Desktop/CAB432/Assignments/Assignment1/video-api/node_modules/@ffmpeg-installer/win32-x64'
107 silly reify ]
108 verbose reify failed optional dependency /Users/yixuantang/Desktop/CAB432/Assignments/Assignment1/video-api/node_modules/@ffmpeg-installer/win32-ia32
109 silly reify mark deleted [
109 silly reify   '/Users/yixuantang/Desktop/CAB432/Assignments/Assignment1/video-api/node_modules/@ffmpeg-installer/win32-ia32'
109 silly reify ]
110 verbose reify failed optional dependency /Users/yixuantang/Desktop/CAB432/Assignments/Assignment1/video-api/node_modules/@ffmpeg-installer/linux-x64
111 silly reify mark deleted [
111 silly reify   '/Users/yixuantang/Desktop/CAB432/Assignments/Assignment1/video-api/node_modules/@ffmpeg-installer/linux-x64'
111 silly reify ]
112 verbose reify failed optional dependency /Users/yixuantang/Desktop/CAB432/Assignments/Assignment1/video-api/node_modules/@ffmpeg-installer/linux-ia32
113 silly reify mark deleted [
113 silly reify   '/Users/yixuantang/Desktop/CAB432/Assignments/Assignment1/video-api/node_modules/@ffmpeg-installer/linux-ia32'
113 silly reify ]
114 verbose reify failed optional dependency /Users/yixuantang/Desktop/CAB432/Assignments/Assignment1/video-api/node_modules/@ffmpeg-installer/linux-arm64
115 silly reify mark deleted [
115 silly reify   '/Users/yixuantang/Desktop/CAB432/Assignments/Assignment1/video-api/node_modules/@ffmpeg-installer/linux-arm64'
115 silly reify ]
116 verbose reify failed optional dependency /Users/yixuantang/Desktop/CAB432/Assignments/Assignment1/video-api/node_modules/@ffmpeg-installer/linux-arm
117 silly reify mark deleted [
117 silly reify   '/Users/yixuantang/Desktop/CAB432/Assignments/Assignment1/video-api/node_modules/@ffmpeg-installer/linux-arm'
117 silly reify ]
118 verbose reify failed optional dependency /Users/yixuantang/Desktop/CAB432/Assignments/Assignment1/video-api/node_modules/@ffmpeg-installer/darwin-x64
119 silly reify mark deleted [
119 silly reify   '/Users/yixuantang/Desktop/CAB432/Assignments/Assignment1/video-api/node_modules/@ffmpeg-installer/darwin-x64'
119 silly reify ]
120 timing reifyNode:node_modules/@ffprobe-installer/win32-x64 Completed in 4ms
121 timing reifyNode:node_modules/@ffprobe-installer/win32-ia32 Completed in 4ms
122 timing reifyNode:node_modules/@ffprobe-installer/linux-x64 Completed in 4ms
123 timing reifyNode:node_modules/@ffprobe-installer/linux-ia32 Completed in 4ms
124 timing reifyNode:node_modules/@ffprobe-installer/linux-arm64 Completed in 4ms
125 timing reifyNode:node_modules/@ffprobe-installer/linux-arm Completed in 4ms
126 timing reifyNode:node_modules/@ffprobe-installer/darwin-x64 Completed in 4ms
127 timing reifyNode:node_modules/@ffmpeg-installer/win32-x64 Completed in 4ms
128 timing reifyNode:node_modules/@ffmpeg-installer/win32-ia32 Completed in 4ms
129 timing reifyNode:node_modules/@ffmpeg-installer/linux-x64 Completed in 4ms
130 timing reifyNode:node_modules/@ffmpeg-installer/linux-ia32 Completed in 4ms
131 timing reifyNode:node_modules/@ffmpeg-installer/linux-arm64 Completed in 4ms
132 timing reifyNode:node_modules/@ffmpeg-installer/linux-arm Completed in 4ms
133 timing reifyNode:node_modules/@ffmpeg-installer/darwin-x64 Completed in 4ms
134 silly tarball no local data for bcryptjs@https://registry.npmjs.org/bcryptjs/-/bcryptjs-3.0.2.tgz. Extracting by manifest.
135 http fetch GET 200 https://registry.npmjs.org/bcryptjs/-/bcryptjs-3.0.2.tgz 72ms (cache miss)
136 timing reifyNode:node_modules/bcryptjs Completed in 79ms
137 timing reify:unpack Completed in 79ms
138 timing reify:unretire Completed in 0ms
139 timing build:queue Completed in 1ms
140 timing build:link:node_modules/bcryptjs Completed in 1ms
141 timing build:link Completed in 1ms
142 timing build:deps Completed in 2ms
143 timing build Completed in 2ms
144 timing reify:build Completed in 2ms
145 timing reify:trash Completed in 1ms
146 timing reify:save Completed in 50ms
147 http fetch POST 200 https://registry.npmjs.org/-/npm/v1/security/advisories/bulk 246ms
148 timing auditReport:getReport Completed in 250ms
149 silly audit report {}
150 timing auditReport:init Completed in 0ms
151 timing reify:audit Completed in 250ms
152 timing reify Completed in 3515ms
153 silly ADD node_modules/bcryptjs
154 silly ADD
155 silly ADD
156 silly ADD
157 silly ADD
158 silly ADD
159 silly ADD
160 silly ADD
161 silly ADD
162 silly ADD
163 silly ADD
164 silly ADD
165 silly ADD
166 silly ADD
167 silly ADD
168 timing command:i Completed in 3521ms
169 verbose exit 0
170 timing npm Completed in 3682ms
171 info ok
