0 verbose cli /usr/local/bin/node /usr/local/bin/npm
1 info using npm@10.5.0
2 info using node@v20.12.2
3 timing npm:load:whichnode Completed in 0ms
4 timing config:load:defaults Completed in 1ms
5 timing config:load:file:/usr/local/lib/node_modules/npm/npmrc Completed in 1ms
6 timing config:load:builtin Completed in 1ms
7 timing config:load:cli Completed in 1ms
8 timing config:load:env Completed in 0ms
9 timing config:load:file:/Users/yixuantang/Desktop/CAB432/Assignments/Assignment1/video-api/.npmrc Completed in 1ms
10 timing config:load:project Completed in 2ms
11 timing config:load:file:/Users/yixuantang/.npmrc Completed in 0ms
12 timing config:load:user Completed in 0ms
13 timing config:load:file:/usr/local/etc/npmrc Completed in 1ms
14 timing config:load:global Completed in 1ms
15 timing config:load:setEnvs Completed in 1ms
16 timing config:load Completed in 7ms
17 timing npm:load:configload Completed in 7ms
18 timing config:load:flatten Completed in 1ms
19 timing npm:load:mkdirpcache Completed in 0ms
20 timing npm:load:mkdirplogs Completed in 0ms
21 verbose title npm i @aws-sdk/client-cognito-identity-provider aws-jwt-verify
22 verbose argv "i" "@aws-sdk/client-cognito-identity-provider" "aws-jwt-verify"
23 timing npm:load:setTitle Completed in 7ms
24 timing npm:load:display Completed in 0ms
25 verbose logfile logs-max:10 dir:/Users/yixuantang/Desktop/CAB432/Assignments/Assignment1/video-api/.npm-cache/_logs/2025-09-16T05_59_04_139Z-
26 verbose logfile /Users/yixuantang/Desktop/CAB432/Assignments/Assignment1/video-api/.npm-cache/_logs/2025-09-16T05_59_04_139Z-debug-0.log
27 timing npm:load:logFile Completed in 7ms
28 timing npm:load:timers Completed in 0ms
29 timing npm:load:configScope Completed in 0ms
30 timing npm:load Completed in 37ms
31 timing arborist:ctor Completed in 0ms
32 silly logfile done cleaning log files
33 timing idealTree:init Completed in 65ms
34 timing idealTree:userRequests Completed in 0ms
35 silly idealTree buildDeps
36 silly fetch manifest @aws-sdk/client-cognito-identity-provider@^3.888.0
37 verbose shrinkwrap failed to load node_modules/.package-lock.json out of date, updated: node_modules
38 http fetch GET 200 https://registry.npmjs.org/@aws-sdk%2fclient-cognito-identity-provider 1673ms (cache revalidated)
39 silly fetch manifest aws-jwt-verify@^5.1.0
40 http fetch GET 200 https://registry.npmjs.org/aws-jwt-verify 736ms (cache revalidated)
41 silly placeDep ROOT @aws-sdk/client-cognito-identity-provider@3.888.0 REPLACE for: video-api@1.0.0 want: ^3.888.0
42 silly placeDep ROOT aws-jwt-verify@5.1.0 REPLACE for: video-api@1.0.0 want: ^5.1.0
43 timing idealTree:#root Completed in 2429ms
44 timing idealTree:node_modules/@aws-sdk/client-cognito-identity-provider Completed in 0ms
45 timing idealTree:node_modules/aws-jwt-verify Completed in 0ms
46 timing idealTree:buildDeps Completed in 2431ms
47 timing idealTree:fixDepFlags Completed in 2ms
48 timing idealTree Completed in 2501ms
49 timing reify:loadTrees Completed in 2502ms
50 timing reify:diffTrees Completed in 4ms
51 silly reify moves {}
52 timing reify:retireShallow Completed in 0ms
53 timing reify:createSparse Completed in 2ms
54 timing reify:loadBundles Completed in 0ms
55 silly audit bulk request {
55 silly audit   '@aws-crypto/sha256-browser': [ '5.2.0' ],
55 silly audit   '@smithy/is-array-buffer': [ '2.2.0', '4.1.0' ],
55 silly audit   '@smithy/util-buffer-from': [ '2.2.0', '4.1.0' ],
55 silly audit   '@smithy/util-utf8': [ '2.3.0', '4.1.0' ],
55 silly audit   '@aws-crypto/sha256-js': [ '5.2.0' ],
55 silly audit   '@aws-crypto/supports-web-crypto': [ '5.2.0' ],
55 silly audit   '@aws-crypto/util': [ '5.2.0' ],
55 silly audit   '@aws-sdk/client-sso': [ '3.888.0' ],
55 silly audit   '@aws-sdk/core': [ '3.888.0' ],
55 silly audit   '@aws-sdk/credential-provider-env': [ '3.888.0' ],
55 silly audit   '@aws-sdk/credential-provider-http': [ '3.888.0' ],
55 silly audit   '@aws-sdk/credential-provider-ini': [ '3.888.0' ],
55 silly audit   '@aws-sdk/credential-provider-node': [ '3.888.0' ],
55 silly audit   '@aws-sdk/credential-provider-process': [ '3.888.0' ],
55 silly audit   '@aws-sdk/credential-provider-sso': [ '3.888.0' ],
55 silly audit   '@aws-sdk/credential-provider-web-identity': [ '3.888.0' ],
55 silly audit   '@aws-sdk/middleware-host-header': [ '3.887.0' ],
55 silly audit   '@aws-sdk/middleware-logger': [ '3.887.0' ],
55 silly audit   '@aws-sdk/middleware-recursion-detection': [ '3.887.0' ],
55 silly audit   '@aws-sdk/middleware-user-agent': [ '3.888.0' ],
55 silly audit   '@aws-sdk/nested-clients': [ '3.888.0' ],
55 silly audit   '@aws-sdk/region-config-resolver': [ '3.887.0' ],
55 silly audit   '@aws-sdk/token-providers': [ '3.888.0' ],
55 silly audit   '@aws-sdk/types': [ '3.887.0' ],
55 silly audit   '@aws-sdk/util-endpoints': [ '3.887.0' ],
55 silly audit   '@aws-sdk/util-locate-window': [ '3.873.0' ],
55 silly audit   '@aws-sdk/util-user-agent-browser': [ '3.887.0' ],
55 silly audit   '@aws-sdk/util-user-agent-node': [ '3.888.0' ],
55 silly audit   '@aws-sdk/xml-builder': [ '3.887.0' ],
55 silly audit   '@aws/lambda-invoke-store': [ '0.0.1' ],
55 silly audit   '@ffmpeg-installer/darwin-arm64': [ '4.1.5' ],
55 silly audit   '@ffmpeg-installer/darwin-x64': [ '4.1.0' ],
55 silly audit   '@ffmpeg-installer/ffmpeg': [ '1.1.0' ],
55 silly audit   '@ffmpeg-installer/linux-arm': [ '4.1.3' ],
55 silly audit   '@ffmpeg-installer/linux-arm64': [ '4.1.4' ],
55 silly audit   '@ffmpeg-installer/linux-ia32': [ '4.1.0' ],
55 silly audit   '@ffmpeg-installer/linux-x64': [ '4.1.0' ],
55 silly audit   '@ffmpeg-installer/win32-ia32': [ '4.1.0' ],
55 silly audit   '@ffmpeg-installer/win32-x64': [ '4.1.0' ],
55 silly audit   '@ffprobe-installer/darwin-arm64': [ '5.0.1' ],
55 silly audit   '@ffprobe-installer/darwin-x64': [ '5.1.0' ],
55 silly audit   '@ffprobe-installer/ffprobe': [ '2.1.2' ],
55 silly audit   '@ffprobe-installer/linux-arm': [ '5.2.0' ],
55 silly audit   '@ffprobe-installer/linux-arm64': [ '5.2.0' ],
55 silly audit   '@ffprobe-installer/linux-ia32': [ '5.2.0' ],
55 silly audit   '@ffprobe-installer/linux-x64': [ '5.2.0' ],
55 silly audit   '@ffprobe-installer/win32-ia32': [ '5.1.0' ],
55 silly audit   '@ffprobe-installer/win32-x64': [ '5.1.0' ],
55 silly audit   '@smithy/abort-controller': [ '4.1.1' ],
55 silly audit   '@smithy/config-resolver': [ '4.2.2' ],
55 silly audit   '@smithy/core': [ '3.11.0' ],
55 silly audit   '@smithy/credential-provider-imds': [ '4.1.2' ],
55 silly audit   '@smithy/fetch-http-handler': [ '5.2.1' ],
55 silly audit   '@smithy/hash-node': [ '4.1.1' ],
55 silly audit   '@smithy/invalid-dependency': [ '4.1.1' ],
55 silly audit   '@smithy/middleware-content-length': [ '4.1.1' ],
55 silly audit   '@smithy/middleware-endpoint': [ '4.2.2' ],
55 silly audit   '@smithy/middleware-retry': [ '4.2.2' ],
55 silly audit   '@smithy/middleware-serde': [ '4.1.1' ],
55 silly audit   '@smithy/middleware-stack': [ '4.1.1' ],
55 silly audit   '@smithy/node-config-provider': [ '4.2.2' ],
55 silly audit   '@smithy/node-http-handler': [ '4.2.1' ],
55 silly audit   '@smithy/property-provider': [ '4.1.1' ],
55 silly audit   '@smithy/protocol-http': [ '5.2.1' ],
55 silly audit   '@smithy/querystring-builder': [ '4.1.1' ],
55 silly audit   '@smithy/querystring-parser': [ '4.1.1' ],
55 silly audit   '@smithy/service-error-classification': [ '4.1.1' ],
55 silly audit   '@smithy/shared-ini-file-loader': [ '4.2.0' ],
55 silly audit   '@smithy/signature-v4': [ '5.2.1' ],
55 silly audit   '@smithy/smithy-client': [ '4.6.2' ],
55 silly audit   '@smithy/types': [ '4.5.0' ],
55 silly audit   '@smithy/url-parser': [ '4.1.1' ],
55 silly audit   '@smithy/util-base64': [ '4.1.0' ],
55 silly audit   '@smithy/util-body-length-browser': [ '4.1.0' ],
55 silly audit   '@smithy/util-body-length-node': [ '4.1.0' ],
55 silly audit   '@smithy/util-config-provider': [ '4.1.0' ],
55 silly audit   '@smithy/util-defaults-mode-browser': [ '4.1.2' ],
55 silly audit   '@smithy/util-defaults-mode-node': [ '4.1.2' ],
55 silly audit   '@smithy/util-endpoints': [ '3.1.2' ],
55 silly audit   '@smithy/util-hex-encoding': [ '4.1.0' ],
55 silly audit   '@smithy/util-middleware': [ '4.1.1' ],
55 silly audit   '@smithy/util-retry': [ '4.1.1' ],
55 silly audit   '@smithy/util-stream': [ '4.3.1' ],
55 silly audit   '@smithy/util-uri-escape': [ '4.1.0' ],
55 silly audit   '@types/uuid': [ '9.0.8' ],
55 silly audit   accepts: [ '1.3.8' ],
55 silly audit   'append-field': [ '1.0.0' ],
55 silly audit   'array-flatten': [ '1.1.1' ],
55 silly audit   async: [ '0.2.10' ],
55 silly audit   'aws-ssl-profiles': [ '1.1.2' ],
55 silly audit   'base64-js': [ '1.5.1' ],
55 silly audit   'better-sqlite3': [ '11.10.0' ],
55 silly audit   bindings: [ '1.5.0' ],
55 silly audit   bl: [ '4.1.0' ],
55 silly audit   'readable-stream': [ '3.6.2', '2.3.8' ],
55 silly audit   'body-parser': [ '1.20.3' ],
55 silly audit   bowser: [ '2.12.1' ],
55 silly audit   buffer: [ '5.7.1' ],
55 silly audit   'buffer-equal-constant-time': [ '1.0.1' ],
55 silly audit   'buffer-from': [ '1.1.2' ],
55 silly audit   busboy: [ '1.6.0' ],
55 silly audit   bytes: [ '3.1.2' ],
55 silly audit   'call-bind-apply-helpers': [ '1.0.2' ],
55 silly audit   'call-bound': [ '1.0.4' ],
55 silly audit   chownr: [ '1.1.4' ],
55 silly audit   'concat-stream': [ '1.6.2' ],
55 silly audit   'content-disposition': [ '0.5.4' ],
55 silly audit   'content-type': [ '1.0.5' ],
55 silly audit   cookie: [ '0.7.1' ],
55 silly audit   'cookie-signature': [ '1.0.6' ],
55 silly audit   'core-util-is': [ '1.0.3' ],
55 silly audit   cors: [ '2.8.5' ],
55 silly audit   debug: [ '2.6.9' ],
55 silly audit   'decompress-response': [ '6.0.0' ],
55 silly audit   'deep-extend': [ '0.6.0' ],
55 silly audit   denque: [ '2.1.0' ],
55 silly audit   depd: [ '2.0.0' ],
55 silly audit   destroy: [ '1.2.0' ],
55 silly audit   'detect-libc': [ '2.0.4' ],
55 silly audit   'dunder-proto': [ '1.0.1' ],
55 silly audit   'ecdsa-sig-formatter': [ '1.0.11' ],
55 silly audit   'ee-first': [ '1.1.1' ],
55 silly audit   encodeurl: [ '2.0.0', '1.0.2' ],
55 silly audit   'end-of-stream': [ '1.4.5' ],
55 silly audit   'es-define-property': [ '1.0.1' ],
55 silly audit   'es-errors': [ '1.3.0' ],
55 silly audit   'es-object-atoms': [ '1.1.1' ],
55 silly audit   'escape-html': [ '1.0.3' ],
55 silly audit   etag: [ '1.8.1' ],
55 silly audit   'expand-template': [ '2.0.3' ],
55 silly audit   express: [ '4.21.2' ],
55 silly audit   'fast-xml-parser': [ '5.2.5' ],
55 silly audit   'file-uri-to-path': [ '1.0.0' ],
55 silly audit   finalhandler: [ '1.3.1' ],
55 silly audit   'fluent-ffmpeg': [ '2.1.3' ],
55 silly audit   forwarded: [ '0.2.0' ],
55 silly audit   fresh: [ '0.5.2' ],
55 silly audit   'fs-constants': [ '1.0.0' ],
55 silly audit   'function-bind': [ '1.1.2' ],
55 silly audit   'generate-function': [ '2.3.1' ],
55 silly audit   'get-intrinsic': [ '1.3.0' ],
55 silly audit   'get-proto': [ '1.0.1' ],
55 silly audit   'github-from-package': [ '0.0.0' ],
55 silly audit   gopd: [ '1.2.0' ],
55 silly audit   'has-symbols': [ '1.1.0' ],
55 silly audit   hasown: [ '2.0.2' ],
55 silly audit   'http-errors': [ '2.0.0' ],
55 silly audit   'iconv-lite': [ '0.4.24', '0.6.3' ],
55 silly audit   ieee754: [ '1.2.1' ],
55 silly audit   inherits: [ '2.0.4' ],
55 silly audit   ini: [ '1.3.8' ],
55 silly audit   'ipaddr.js': [ '1.9.1' ],
55 silly audit   'is-property': [ '1.0.2' ],
55 silly audit   isarray: [ '1.0.0' ],
55 silly audit   isexe: [ '2.0.0' ],
55 silly audit   jsonwebtoken: [ '9.0.2' ],
55 silly audit   ms: [ '2.1.3', '2.0.0' ],
55 silly audit   jwa: [ '1.4.2' ],
55 silly audit   jws: [ '3.2.2' ],
55 silly audit   'lodash.includes': [ '4.3.0' ],
55 silly audit   'lodash.isboolean': [ '3.0.3' ],
55 silly audit   'lodash.isinteger': [ '4.0.4' ],
55 silly audit   'lodash.isnumber': [ '3.0.3' ],
55 silly audit   'lodash.isplainobject': [ '4.0.6' ],
55 silly audit   'lodash.isstring': [ '4.0.1' ],
55 silly audit   'lodash.once': [ '4.1.1' ],
55 silly audit   long: [ '5.3.2' ],
55 silly audit   'lru-cache': [ '7.18.3' ],
55 silly audit   'lru.min': [ '1.1.2' ],
55 silly audit   'math-intrinsics': [ '1.1.0' ],
55 silly audit   'media-typer': [ '0.3.0' ],
55 silly audit   'merge-descriptors': [ '1.0.3' ],
55 silly audit   methods: [ '1.1.2' ],
55 silly audit   mime: [ '1.6.0' ],
55 silly audit   'mime-db': [ '1.52.0' ],
55 silly audit   'mime-types': [ '2.1.35' ],
55 silly audit   'mimic-response': [ '3.1.0' ],
55 silly audit   minimist: [ '1.2.8' ],
55 silly audit   mkdirp: [ '0.5.6' ],
55 silly audit   'mkdirp-classic': [ '0.5.3' ],
55 silly audit   multer: [ '1.4.5-lts.2' ],
55 silly audit   mysql2: [ '3.14.3' ],
55 silly audit   'named-placeholders': [ '1.1.3' ],
55 silly audit   'napi-build-utils': [ '2.0.0' ],
55 silly audit   negotiator: [ '0.6.3' ],
55 silly audit   'node-abi': [ '3.75.0' ],
55 silly audit   'object-assign': [ '4.1.1' ],
55 silly audit   'object-inspect': [ '1.13.4' ],
55 silly audit   'on-finished': [ '2.4.1' ],
55 silly audit   once: [ '1.4.0' ],
55 silly audit   parseurl: [ '1.3.3' ],
55 silly audit   'path-to-regexp': [ '0.1.12' ],
55 silly audit   'prebuild-install': [ '7.1.3' ],
55 silly audit   'process-nextick-args': [ '2.0.1' ],
55 silly audit   'proxy-addr': [ '2.0.7' ],
55 silly audit   pump: [ '3.0.3' ],
55 silly audit   qs: [ '6.13.0' ],
55 silly audit   'range-parser': [ '1.2.1' ],
55 silly audit   'raw-body': [ '2.5.2' ],
55 silly audit   rc: [ '1.2.8' ],
55 silly audit   'safe-buffer': [ '5.1.2', '5.2.1' ],
55 silly audit   'safer-buffer': [ '2.1.2' ],
55 silly audit   semver: [ '7.7.2' ],
55 silly audit   send: [ '0.19.0' ],
55 silly audit   'seq-queue': [ '0.0.5' ],
55 silly audit   'serve-static': [ '1.16.2' ],
55 silly audit   setprototypeof: [ '1.2.0' ],
55 silly audit   'side-channel': [ '1.1.0' ],
55 silly audit   'side-channel-list': [ '1.0.0' ],
55 silly audit   'side-channel-map': [ '1.0.1' ],
55 silly audit   'side-channel-weakmap': [ '1.0.2' ],
55 silly audit   'simple-concat': [ '1.0.1' ],
55 silly audit   'simple-get': [ '4.0.1' ],
55 silly audit   sqlstring: [ '2.3.3' ],
55 silly audit   statuses: [ '2.0.1' ],
55 silly audit   streamsearch: [ '1.1.0' ],
55 silly audit   string_decoder: [ '1.1.1' ],
55 silly audit   'strip-json-comments': [ '2.0.1' ],
55 silly audit   strnum: [ '2.1.1' ],
55 silly audit   'tar-fs': [ '2.1.3' ],
55 silly audit   'tar-stream': [ '2.2.0' ],
55 silly audit   toidentifier: [ '1.0.1' ],
55 silly audit   tslib: [ '2.8.1' ],
55 silly audit   'tunnel-agent': [ '0.6.0' ],
55 silly audit   'type-is': [ '1.6.18' ],
55 silly audit   typedarray: [ '0.0.6' ],
55 silly audit   unpipe: [ '1.0.0' ],
55 silly audit   'util-deprecate': [ '1.0.2' ],
55 silly audit   'utils-merge': [ '1.0.1' ],
55 silly audit   uuid: [ '9.0.1' ],
55 silly audit   vary: [ '1.1.2' ],
55 silly audit   which: [ '1.3.1' ],
55 silly audit   wrappy: [ '1.0.2' ],
55 silly audit   xtend: [ '4.0.2' ],
55 silly audit   '@aws-sdk/client-cognito-identity-provider': [ '3.888.0' ],
55 silly audit   'aws-jwt-verify': [ '5.1.0' ]
55 silly audit }
56 verbose reify failed optional dependency /Users/yixuantang/Desktop/CAB432/Assignments/Assignment1/video-api/node_modules/@ffprobe-installer/win32-x64
57 silly reify mark deleted [
57 silly reify   '/Users/yixuantang/Desktop/CAB432/Assignments/Assignment1/video-api/node_modules/@ffprobe-installer/win32-x64'
57 silly reify ]
58 verbose reify failed optional dependency /Users/yixuantang/Desktop/CAB432/Assignments/Assignment1/video-api/node_modules/@ffprobe-installer/win32-ia32
59 silly reify mark deleted [
59 silly reify   '/Users/yixuantang/Desktop/CAB432/Assignments/Assignment1/video-api/node_modules/@ffprobe-installer/win32-ia32'
59 silly reify ]
60 verbose reify failed optional dependency /Users/yixuantang/Desktop/CAB432/Assignments/Assignment1/video-api/node_modules/@ffprobe-installer/linux-x64
61 silly reify mark deleted [
61 silly reify   '/Users/yixuantang/Desktop/CAB432/Assignments/Assignment1/video-api/node_modules/@ffprobe-installer/linux-x64'
61 silly reify ]
62 verbose reify failed optional dependency /Users/yixuantang/Desktop/CAB432/Assignments/Assignment1/video-api/node_modules/@ffprobe-installer/linux-ia32
63 silly reify mark deleted [
63 silly reify   '/Users/yixuantang/Desktop/CAB432/Assignments/Assignment1/video-api/node_modules/@ffprobe-installer/linux-ia32'
63 silly reify ]
64 verbose reify failed optional dependency /Users/yixuantang/Desktop/CAB432/Assignments/Assignment1/video-api/node_modules/@ffprobe-installer/linux-arm64
65 silly reify mark deleted [
65 silly reify   '/Users/yixuantang/Desktop/CAB432/Assignments/Assignment1/video-api/node_modules/@ffprobe-installer/linux-arm64'
65 silly reify ]
66 verbose reify failed optional dependency /Users/yixuantang/Desktop/CAB432/Assignments/Assignment1/video-api/node_modules/@ffprobe-installer/linux-arm
67 silly reify mark deleted [
67 silly reify   '/Users/yixuantang/Desktop/CAB432/Assignments/Assignment1/video-api/node_modules/@ffprobe-installer/linux-arm'
67 silly reify ]
68 verbose reify failed optional dependency /Users/yixuantang/Desktop/CAB432/Assignments/Assignment1/video-api/node_modules/@ffprobe-installer/darwin-x64
69 silly reify mark deleted [
69 silly reify   '/Users/yixuantang/Desktop/CAB432/Assignments/Assignment1/video-api/node_modules/@ffprobe-installer/darwin-x64'
69 silly reify ]
70 verbose reify failed optional dependency /Users/yixuantang/Desktop/CAB432/Assignments/Assignment1/video-api/node_modules/@ffmpeg-installer/win32-x64
71 silly reify mark deleted [
71 silly reify   '/Users/yixuantang/Desktop/CAB432/Assignments/Assignment1/video-api/node_modules/@ffmpeg-installer/win32-x64'
71 silly reify ]
72 verbose reify failed optional dependency /Users/yixuantang/Desktop/CAB432/Assignments/Assignment1/video-api/node_modules/@ffmpeg-installer/win32-ia32
73 silly reify mark deleted [
73 silly reify   '/Users/yixuantang/Desktop/CAB432/Assignments/Assignment1/video-api/node_modules/@ffmpeg-installer/win32-ia32'
73 silly reify ]
74 verbose reify failed optional dependency /Users/yixuantang/Desktop/CAB432/Assignments/Assignment1/video-api/node_modules/@ffmpeg-installer/linux-x64
75 silly reify mark deleted [
75 silly reify   '/Users/yixuantang/Desktop/CAB432/Assignments/Assignment1/video-api/node_modules/@ffmpeg-installer/linux-x64'
75 silly reify ]
76 verbose reify failed optional dependency /Users/yixuantang/Desktop/CAB432/Assignments/Assignment1/video-api/node_modules/@ffmpeg-installer/linux-ia32
77 silly reify mark deleted [
77 silly reify   '/Users/yixuantang/Desktop/CAB432/Assignments/Assignment1/video-api/node_modules/@ffmpeg-installer/linux-ia32'
77 silly reify ]
78 verbose reify failed optional dependency /Users/yixuantang/Desktop/CAB432/Assignments/Assignment1/video-api/node_modules/@ffmpeg-installer/linux-arm64
79 silly reify mark deleted [
79 silly reify   '/Users/yixuantang/Desktop/CAB432/Assignments/Assignment1/video-api/node_modules/@ffmpeg-installer/linux-arm64'
79 silly reify ]
80 verbose reify failed optional dependency /Users/yixuantang/Desktop/CAB432/Assignments/Assignment1/video-api/node_modules/@ffmpeg-installer/linux-arm
81 silly reify mark deleted [
81 silly reify   '/Users/yixuantang/Desktop/CAB432/Assignments/Assignment1/video-api/node_modules/@ffmpeg-installer/linux-arm'
81 silly reify ]
82 verbose reify failed optional dependency /Users/yixuantang/Desktop/CAB432/Assignments/Assignment1/video-api/node_modules/@ffmpeg-installer/darwin-x64
83 silly reify mark deleted [
83 silly reify   '/Users/yixuantang/Desktop/CAB432/Assignments/Assignment1/video-api/node_modules/@ffmpeg-installer/darwin-x64'
83 silly reify ]
84 timing reifyNode:node_modules/@ffprobe-installer/win32-x64 Completed in 4ms
85 timing reifyNode:node_modules/@ffprobe-installer/win32-ia32 Completed in 4ms
86 timing reifyNode:node_modules/@ffprobe-installer/linux-x64 Completed in 4ms
87 timing reifyNode:node_modules/@ffprobe-installer/linux-ia32 Completed in 4ms
88 timing reifyNode:node_modules/@ffprobe-installer/linux-arm64 Completed in 4ms
89 timing reifyNode:node_modules/@ffprobe-installer/linux-arm Completed in 4ms
90 timing reifyNode:node_modules/@ffprobe-installer/darwin-x64 Completed in 3ms
91 timing reifyNode:node_modules/@ffmpeg-installer/win32-x64 Completed in 3ms
92 timing reifyNode:node_modules/@ffmpeg-installer/win32-ia32 Completed in 3ms
93 timing reifyNode:node_modules/@ffmpeg-installer/linux-x64 Completed in 3ms
94 timing reifyNode:node_modules/@ffmpeg-installer/linux-ia32 Completed in 3ms
95 timing reifyNode:node_modules/@ffmpeg-installer/linux-arm64 Completed in 3ms
96 timing reifyNode:node_modules/@ffmpeg-installer/linux-arm Completed in 3ms
97 timing reifyNode:node_modules/@ffmpeg-installer/darwin-x64 Completed in 4ms
98 timing reify:unpack Completed in 5ms
99 timing reify:unretire Completed in 0ms
100 timing build:queue Completed in 2ms
101 timing build:deps Completed in 2ms
102 timing build Completed in 2ms
103 timing reify:build Completed in 2ms
104 timing reify:trash Completed in 1ms
105 timing reify:save Completed in 49ms
106 http fetch POST 200 https://registry.npmjs.org/-/npm/v1/security/advisories/bulk 229ms
107 timing auditReport:getReport Completed in 233ms
108 silly audit report {}
109 timing auditReport:init Completed in 0ms
110 timing reify:audit Completed in 233ms
111 timing reify Completed in 2744ms
112 silly ADD
113 silly ADD
114 silly ADD
115 silly ADD
116 silly ADD
117 silly ADD
118 silly ADD
119 silly ADD
120 silly ADD
121 silly ADD
122 silly ADD
123 silly ADD
124 silly ADD
125 silly ADD
126 timing command:i Completed in 2749ms
127 verbose exit 0
128 timing npm Completed in 2911ms
129 info ok
